<?xml version="1.0" encoding="UTF-8"?>
<testng-results skipped="0" failed="2" ignored="0" total="3" passed="1">
  <reporter-output>
  </reporter-output>
  <suite name="Default suite" duration-ms="20296" started-at="2021-04-27T10:56:45 EDT" finished-at="2021-04-27T10:57:05 EDT">
    <groups>
    </groups>
    <test name="Default test" duration-ms="20296" started-at="2021-04-27T10:56:45 EDT" finished-at="2021-04-27T10:57:05 EDT">
      <class name="assertions.OrangeHRM_SoftAssertion_Test">
        <test-method status="PASS" signature="setup()[pri:0, instance:assertions.OrangeHRM_SoftAssertion_Test@29b5cd00]" name="setup" is-config="true" duration-ms="5890" started-at="2021-04-27T10:56:45 EDT" finished-at="2021-04-27T10:56:51 EDT">
          <reporter-output>
          </reporter-output>
        </test-method> <!-- setup -->
        <test-method status="FAIL" signature="hubspot_Login_with_google_Test()[pri:0, instance:assertions.OrangeHRM_SoftAssertion_Test@29b5cd00]" name="hubspot_Login_with_google_Test" duration-ms="1570" started-at="2021-04-27T10:56:51 EDT" finished-at="2021-04-27T10:56:52 EDT">
          <exception class="java.lang.AssertionError">
            <message>
              <![CDATA[The following asserts failed:
expected [Sign in with Google1] but found [Sign in with Google]]]>
            </message>
            <full-stacktrace>
              <![CDATA[java.lang.AssertionError: The following asserts failed:
expected [Sign in with Google1] but found [Sign in with Google]
at org.testng.asserts.SoftAssert.assertAll(SoftAssert.java:47)
at org.testng.asserts.SoftAssert.assertAll(SoftAssert.java:31)
at assertions.OrangeHRM_SoftAssertion_Test.hubspot_Login_with_google_Test(OrangeHRM_SoftAssertion_Test.java:33)
at sun.reflect.NativeMethodAccessorImpl.invoke0(Native Method)
at sun.reflect.NativeMethodAccessorImpl.invoke(NativeMethodAccessorImpl.java:62)
at sun.reflect.DelegatingMethodAccessorImpl.invoke(DelegatingMethodAccessorImpl.java:43)
at java.lang.reflect.Method.invoke(Method.java:498)
at org.testng.internal.MethodInvocationHelper.invokeMethod(MethodInvocationHelper.java:133)
at org.testng.internal.TestInvoker.invokeMethod(TestInvoker.java:598)
at org.testng.internal.TestInvoker.invokeTestMethod(TestInvoker.java:173)
at org.testng.internal.MethodRunner.runInSequence(MethodRunner.java:46)
at org.testng.internal.TestInvoker$MethodInvocationAgent.invoke(TestInvoker.java:824)
at org.testng.internal.TestInvoker.invokeTestMethods(TestInvoker.java:146)
at org.testng.internal.TestMethodWorker.invokeTestMethods(TestMethodWorker.java:146)
at org.testng.internal.TestMethodWorker.run(TestMethodWorker.java:128)
at java.util.ArrayList.forEach(ArrayList.java:1257)
at org.testng.TestRunner.privateRun(TestRunner.java:794)
at org.testng.TestRunner.run(TestRunner.java:596)
at org.testng.SuiteRunner.runTest(SuiteRunner.java:377)
at org.testng.SuiteRunner.runSequentially(SuiteRunner.java:371)
at org.testng.SuiteRunner.privateRun(SuiteRunner.java:332)
at org.testng.SuiteRunner.run(SuiteRunner.java:276)
at org.testng.SuiteRunnerWorker.runSuite(SuiteRunnerWorker.java:53)
at org.testng.SuiteRunnerWorker.run(SuiteRunnerWorker.java:96)
at org.testng.TestNG.runSuitesSequentially(TestNG.java:1212)
at org.testng.TestNG.runSuitesLocally(TestNG.java:1134)
at org.testng.TestNG.runSuites(TestNG.java:1063)
at org.testng.TestNG.run(TestNG.java:1031)
at org.testng.remote.AbstractRemoteTestNG.run(AbstractRemoteTestNG.java:115)
at org.testng.remote.RemoteTestNG.initAndRun(RemoteTestNG.java:251)
at org.testng.remote.RemoteTestNG.main(RemoteTestNG.java:77)
]]>
            </full-stacktrace>
          </exception> <!-- java.lang.AssertionError -->
          <reporter-output>
          </reporter-output>
        </test-method> <!-- hubspot_Login_with_google_Test -->
        <test-method status="PASS" signature="tearDown()[pri:0, instance:assertions.OrangeHRM_SoftAssertion_Test@29b5cd00]" name="tearDown" is-config="true" duration-ms="4180" started-at="2021-04-27T10:56:52 EDT" finished-at="2021-04-27T10:56:56 EDT">
          <reporter-output>
          </reporter-output>
        </test-method> <!-- tearDown -->
        <test-method status="PASS" signature="setup()[pri:0, instance:assertions.OrangeHRM_SoftAssertion_Test@29b5cd00]" name="setup" is-config="true" duration-ms="3484" started-at="2021-04-27T10:56:56 EDT" finished-at="2021-04-27T10:57:00 EDT">
          <reporter-output>
          </reporter-output>
        </test-method> <!-- setup -->
        <test-method status="FAIL" signature="hubspot_Login_with_form_Test()[pri:1, instance:assertions.OrangeHRM_SoftAssertion_Test@29b5cd00]" name="hubspot_Login_with_form_Test" duration-ms="496" started-at="2021-04-27T10:57:00 EDT" finished-at="2021-04-27T10:57:00 EDT">
          <exception class="java.lang.AssertionError">
            <message>
              <![CDATA[The following asserts failed:
expected [Alok123] but found [Alok]]]>
            </message>
            <full-stacktrace>
              <![CDATA[java.lang.AssertionError: The following asserts failed:
expected [Alok123] but found [Alok]
at org.testng.asserts.SoftAssert.assertAll(SoftAssert.java:47)
at org.testng.asserts.SoftAssert.assertAll(SoftAssert.java:31)
at assertions.OrangeHRM_SoftAssertion_Test.hubspot_Login_with_form_Test(OrangeHRM_SoftAssertion_Test.java:50)
at sun.reflect.NativeMethodAccessorImpl.invoke0(Native Method)
at sun.reflect.NativeMethodAccessorImpl.invoke(NativeMethodAccessorImpl.java:62)
at sun.reflect.DelegatingMethodAccessorImpl.invoke(DelegatingMethodAccessorImpl.java:43)
at java.lang.reflect.Method.invoke(Method.java:498)
at org.testng.internal.MethodInvocationHelper.invokeMethod(MethodInvocationHelper.java:133)
at org.testng.internal.TestInvoker.invokeMethod(TestInvoker.java:598)
at org.testng.internal.TestInvoker.invokeTestMethod(TestInvoker.java:173)
at org.testng.internal.MethodRunner.runInSequence(MethodRunner.java:46)
at org.testng.internal.TestInvoker$MethodInvocationAgent.invoke(TestInvoker.java:824)
at org.testng.internal.TestInvoker.invokeTestMethods(TestInvoker.java:146)
at org.testng.internal.TestMethodWorker.invokeTestMethods(TestMethodWorker.java:146)
at org.testng.internal.TestMethodWorker.run(TestMethodWorker.java:128)
at java.util.ArrayList.forEach(ArrayList.java:1257)
at org.testng.TestRunner.privateRun(TestRunner.java:794)
at org.testng.TestRunner.run(TestRunner.java:596)
at org.testng.SuiteRunner.runTest(SuiteRunner.java:377)
at org.testng.SuiteRunner.runSequentially(SuiteRunner.java:371)
at org.testng.SuiteRunner.privateRun(SuiteRunner.java:332)
at org.testng.SuiteRunner.run(SuiteRunner.java:276)
at org.testng.SuiteRunnerWorker.runSuite(SuiteRunnerWorker.java:53)
at org.testng.SuiteRunnerWorker.run(SuiteRunnerWorker.java:96)
at org.testng.TestNG.runSuitesSequentially(TestNG.java:1212)
at org.testng.TestNG.runSuitesLocally(TestNG.java:1134)
at org.testng.TestNG.runSuites(TestNG.java:1063)
at org.testng.TestNG.run(TestNG.java:1031)
at org.testng.remote.AbstractRemoteTestNG.run(AbstractRemoteTestNG.java:115)
at org.testng.remote.RemoteTestNG.initAndRun(RemoteTestNG.java:251)
at org.testng.remote.RemoteTestNG.main(RemoteTestNG.java:77)
]]>
            </full-stacktrace>
          </exception> <!-- java.lang.AssertionError -->
          <reporter-output>
          </reporter-output>
        </test-method> <!-- hubspot_Login_with_form_Test -->
        <test-method status="PASS" signature="tearDown()[pri:0, instance:assertions.OrangeHRM_SoftAssertion_Test@29b5cd00]" name="tearDown" is-config="true" duration-ms="193" started-at="2021-04-27T10:57:00 EDT" finished-at="2021-04-27T10:57:01 EDT">
          <reporter-output>
          </reporter-output>
        </test-method> <!-- tearDown -->
        <test-method status="PASS" signature="setup()[pri:0, instance:assertions.OrangeHRM_SoftAssertion_Test@29b5cd00]" name="setup" is-config="true" duration-ms="3496" started-at="2021-04-27T10:57:01 EDT" finished-at="2021-04-27T10:57:04 EDT">
          <reporter-output>
          </reporter-output>
        </test-method> <!-- setup -->
        <test-method status="PASS" signature="hubspot_Login_Negative_Test()[pri:2, instance:assertions.OrangeHRM_SoftAssertion_Test@29b5cd00]" name="hubspot_Login_Negative_Test" duration-ms="841" started-at="2021-04-27T10:57:04 EDT" finished-at="2021-04-27T10:57:05 EDT">
          <reporter-output>
          </reporter-output>
        </test-method> <!-- hubspot_Login_Negative_Test -->
        <test-method status="PASS" signature="tearDown()[pri:0, instance:assertions.OrangeHRM_SoftAssertion_Test@29b5cd00]" name="tearDown" is-config="true" duration-ms="71" started-at="2021-04-27T10:57:05 EDT" finished-at="2021-04-27T10:57:05 EDT">
          <reporter-output>
          </reporter-output>
        </test-method> <!-- tearDown -->
      </class> <!-- assertions.OrangeHRM_SoftAssertion_Test -->
    </test> <!-- Default test -->
  </suite> <!-- Default suite -->
</testng-results>
